<?xml version="1.0" encoding="UTF-8"?>
<testng-results ignored="0" total="1" passed="1" failed="0" skipped="0">
  <reporter-output>
  </reporter-output>
  <suite started-at="2022-04-13T06:21:38Z" name="Identify Courses" finished-at="2022-04-13T06:23:06Z" duration-ms="87524">
    <groups>
    </groups>
    <test started-at="2022-04-13T06:21:38Z" name="FunctionalTesting" finished-at="2022-04-13T06:23:06Z" duration-ms="87524">
      <class name="TestSuite.AllTest">
        <test-method signature="testing()[pri:0, instance:TestSuite.AllTest@40317ba2]" started-at="2022-04-13T06:21:38Z" name="testing" finished-at="2022-04-13T06:23:06Z" duration-ms="87486" status="PASS">
          <reporter-output>
          </reporter-output>
        </test-method> <!-- testing -->
      </class> <!-- TestSuite.AllTest -->
    </test> <!-- FunctionalTesting -->
  </suite> <!-- Identify Courses -->
</testng-results>
